[debug] [2021-11-05T03:43:36.120Z] ----------------------------------------------------------------------
[debug] [2021-11-05T03:43:36.123Z] Command:       /usr/local/bin/node /usr/local/bin/firebase init
[debug] [2021-11-05T03:43:36.124Z] CLI Version:   9.21.0
[debug] [2021-11-05T03:43:36.124Z] Platform:      darwin
[debug] [2021-11-05T03:43:36.124Z] Node Version:  v14.17.5
[debug] [2021-11-05T03:43:36.125Z] Time:          Fri Nov 05 2021 10:43:36 GMT+0700 (Indochina Time)
[debug] [2021-11-05T03:43:36.125Z] ----------------------------------------------------------------------
[debug] 
[debug] [2021-11-05T03:43:36.134Z] > command requires scopes: ["email","openid","https://www.googleapis.com/auth/cloudplatformprojects.readonly","https://www.googleapis.com/auth/firebase","https://www.googleapis.com/auth/cloud-platform"]
[debug] [2021-11-05T03:43:36.134Z] > authorizing via signed-in user (anhnhi160801@gmail.com)
[info] 
     ######## #### ########  ######## ########     ###     ######  ########
     ##        ##  ##     ## ##       ##     ##  ##   ##  ##       ##
     ######    ##  ########  ######   ########  #########  ######  ######
     ##        ##  ##    ##  ##       ##     ## ##     ##       ## ##
     ##       #### ##     ## ######## ########  ##     ##  ######  ########

You're about to initialize a Firebase project in this directory:

  /Users/vuanhnhi/Desktop/projectse/github/anhnhi-pos

[info] 
=== Project Setup
[info] 
[info] First, let's associate this project directory with a Firebase project.
[info] You can create multiple project aliases by running firebase use --add, 
[info] but for now we'll just set up a default project.
[info] 
[info] i  .firebaserc already has a default project, using pos-restaurant-1d5c6. 
[debug] [2021-11-05T03:43:40.848Z] > refreshing access token with scopes: []
[debug] [2021-11-05T03:43:40.849Z] >>> HTTP REQUEST POST https://www.googleapis.com/oauth2/v3/token  
 <request body omitted>
[debug] [2021-11-05T03:43:41.051Z] <<< HTTP RESPONSE 200 {"cache-control":"no-cache, no-store, max-age=0, must-revalidate","date":"Fri, 05 Nov 2021 03:43:41 GMT","pragma":"no-cache","expires":"Mon, 01 Jan 1990 00:00:00 GMT","content-type":"application/json; charset=utf-8","vary":"X-Origin, Referer, Origin,Accept-Encoding","server":"scaffolding on HTTPServer2","x-xss-protection":"0","x-frame-options":"SAMEORIGIN","x-content-type-options":"nosniff","alt-svc":"h3=\":443\"; ma=2592000,h3-29=\":443\"; ma=2592000,h3-Q050=\":443\"; ma=2592000,h3-Q046=\":443\"; ma=2592000,h3-Q043=\":443\"; ma=2592000,quic=\":443\"; ma=2592000; v=\"46,43\"","accept-ranges":"none","transfer-encoding":"chunked"}
[debug] [2021-11-05T03:43:41.106Z] >>> [apiv2][query] GET https://firebase.googleapis.com/v1beta1/projects/pos-restaurant-1d5c6 [none]
[debug] [2021-11-05T03:43:41.844Z] <<< [apiv2][status] GET https://firebase.googleapis.com/v1beta1/projects/pos-restaurant-1d5c6 403
[debug] [2021-11-05T03:43:41.844Z] <<< [apiv2][body] GET https://firebase.googleapis.com/v1beta1/projects/pos-restaurant-1d5c6 {"error":{"code":403,"message":"The caller does not have permission","status":"PERMISSION_DENIED"}}
[debug] [2021-11-05T03:43:41.845Z] HTTP Error: 403, The caller does not have permission
[debug] [2021-11-05T03:43:41.976Z] FirebaseError: HTTP Error: 403, The caller does not have permission
    at module.exports (/usr/local/lib/node_modules/firebase-tools/lib/responseToError.js:38:12)
    at Client.doRequest (/usr/local/lib/node_modules/firebase-tools/lib/apiv2.js:240:23)
    at processTicksAndRejections (internal/process/task_queues.js:95:5)
    at async Client.request (/usr/local/lib/node_modules/firebase-tools/lib/apiv2.js:96:20)
    at async Object.getFirebaseProject (/usr/local/lib/node_modules/firebase-tools/lib/management/projects.js:290:21)
    at async Object.doSetup [as project] (/usr/local/lib/node_modules/firebase-tools/lib/init/features/project.js:77:27)
    at async init (/usr/local/lib/node_modules/firebase-tools/lib/init/index.js:19:9)
[error] 
[error] Error: Failed to get Firebase project pos-restaurant-1d5c6. Please make sure the project exists and your account has permission to access it.
